<?xml version="1.0" encoding="UTF-8"?>
<coverage generated="1767336477886" clover="3.2.0">
  <project timestamp="1767336477886" name="All files">
    <metrics statements="11" coveredstatements="11" conditionals="1" coveredconditionals="1" methods="6" coveredmethods="6" elements="18" coveredelements="18" complexity="0" loc="11" ncloc="11" packages="1" files="1" classes="1"/>
    <file name="conversationApi.ts" path="D:\react\Multimodal_RAG_System\src\services\conversationApi.ts">
      <metrics statements="11" coveredstatements="11" conditionals="1" coveredconditionals="1" methods="6" coveredmethods="6"/>
      <line num="27" count="1" type="stmt"/>
      <line num="28" count="1" type="stmt"/>
      <line num="37" count="1" type="stmt"/>
      <line num="38" count="1" type="stmt"/>
      <line num="45" count="1" type="stmt"/>
      <line num="46" count="1" type="stmt"/>
      <line num="56" count="1" type="stmt"/>
      <line num="57" count="1" type="stmt"/>
      <line num="64" count="1" type="stmt"/>
      <line num="74" count="1" type="stmt"/>
      <line num="75" count="1" type="stmt"/>
    </file>
  </project>
</coverage>
