{"D:\\react\\Multimodal_RAG_System\\src\\services\\conversationApi.ts": {"path":"D:\\react\\Multimodal_RAG_System\\src\\services\\conversationApi.ts","statementMap":{"0":{"start":{"line":27,"column":19},"end":{"line":27,"column":null}},"1":{"start":{"line":28,"column":2},"end":{"line":28,"column":null}},"2":{"start":{"line":37,"column":19},"end":{"line":37,"column":null}},"3":{"start":{"line":38,"column":2},"end":{"line":38,"column":null}},"4":{"start":{"line":45,"column":19},"end":{"line":45,"column":null}},"5":{"start":{"line":46,"column":2},"end":{"line":46,"column":null}},"6":{"start":{"line":56,"column":19},"end":{"line":56,"column":null}},"7":{"start":{"line":57,"column":2},"end":{"line":57,"column":null}},"8":{"start":{"line":64,"column":2},"end":{"line":64,"column":null}},"9":{"start":{"line":74,"column":19},"end":{"line":74,"column":null}},"10":{"start":{"line":75,"column":2},"end":{"line":75,"column":null}}},"fnMap":{"0":{"name":"listConversations","decl":{"start":{"line":26,"column":22},"end":{"line":26,"column":67}},"loc":{"start":{"line":26,"column":67},"end":{"line":29,"column":null}},"line":26},"1":{"name":"createConversation","decl":{"start":{"line":34,"column":22},"end":{"line":34,"column":null}},"loc":{"start":{"line":36,"column":25},"end":{"line":39,"column":null}},"line":36},"2":{"name":"getConversation","decl":{"start":{"line":44,"column":22},"end":{"line":44,"column":38}},"loc":{"start":{"line":44,"column":79},"end":{"line":47,"column":null}},"line":44},"3":{"name":"updateConversation","decl":{"start":{"line":52,"column":22},"end":{"line":52,"column":null}},"loc":{"start":{"line":55,"column":25},"end":{"line":58,"column":null}},"line":55},"4":{"name":"deleteConversation","decl":{"start":{"line":63,"column":22},"end":{"line":63,"column":41}},"loc":{"start":{"line":63,"column":68},"end":{"line":65,"column":null}},"line":63},"5":{"name":"addMessage","decl":{"start":{"line":70,"column":22},"end":{"line":70,"column":null}},"loc":{"start":{"line":73,"column":20},"end":{"line":76,"column":null}},"line":73}},"branchMap":{"0":{"loc":{"start":{"line":35,"column":2},"end":{"line":35,"column":null}},"type":"default-arg","locations":[{"start":{"line":35,"column":39},"end":{"line":35,"column":null}}],"line":35}},"s":{"0":1,"1":1,"2":1,"3":1,"4":1,"5":1,"6":1,"7":1,"8":1,"9":1,"10":1},"f":{"0":1,"1":1,"2":1,"3":1,"4":1,"5":1},"b":{"0":[1]},"meta":{"lastBranch":1,"lastFunction":6,"lastStatement":11,"seen":{"f:26:22:26:67":0,"s:27:19:27:Infinity":0,"s:28:2:28:Infinity":1,"f:34:22:34:Infinity":1,"b:35:39:35:Infinity":0,"s:37:19:37:Infinity":2,"s:38:2:38:Infinity":3,"f:44:22:44:38":2,"s:45:19:45:Infinity":4,"s:46:2:46:Infinity":5,"f:52:22:52:Infinity":3,"s:56:19:56:Infinity":6,"s:57:2:57:Infinity":7,"f:63:22:63:41":4,"s:64:2:64:Infinity":8,"f:70:22:70:Infinity":5,"s:74:19:74:Infinity":9,"s:75:2:75:Infinity":10}}}
}
